hoanganht1k27‣Treasure: 0.00
Treasure.cpp
Dịch thành công

hoanganht1k27‣Treasure‣Test00: 0.00
Thời gian ≈ 0.069284400 giây
Không thấy file kết quả
hoanganht1k27‣Treasure‣Test01: 0.00
Thời gian ≈ 0.068616000 giây
Không thấy file kết quả
hoanganht1k27‣Treasure‣Test02: 0.00
Thời gian ≈ 0.073414700 giây
Không thấy file kết quả
hoanganht1k27‣Treasure‣Test03: 0.00
Thời gian ≈ 0.072507600 giây
Không thấy file kết quả
hoanganht1k27‣Treasure‣Test04: 0.00
Thời gian ≈ 0.071268400 giây
Không thấy file kết quả
hoanganht1k27‣Treasure‣Test05: 0.00
Thời gian ≈ 0.073040400 giây
Không thấy file kết quả
hoanganht1k27‣Treasure‣Test06: 0.00
Thời gian ≈ 0.072098800 giây
Không thấy file kết quả
hoanganht1k27‣Treasure‣Test07: 0.00
Thời gian ≈ 0.085433300 giây
Không thấy file kết quả
hoanganht1k27‣Treasure‣Test08: 0.00
Thời gian ≈ 0.080512400 giây
Không thấy file kết quả
hoanganht1k27‣Treasure‣Test09: 0.00
Thời gian ≈ 0.075001300 giây
Không thấy file kết quả
hoanganht1k27‣Treasure‣Test10: 0.00
Thời gian ≈ 0.070951800 giây
Không thấy file kết quả
hoanganht1k27‣Treasure‣Test11: 0.00
Thời gian ≈ 0.093972700 giây
Không thấy file kết quả
hoanganht1k27‣Treasure‣Test12: 0.00
Thời gian ≈ 0.072110900 giây
Không thấy file kết quả
hoanganht1k27‣Treasure‣Test13: 0.00
Thời gian ≈ 0.071811900 giây
Không thấy file kết quả
hoanganht1k27‣Treasure‣Test14: 0.00
Thời gian ≈ 0.064472500 giây
Không thấy file kết quả
hoanganht1k27‣Treasure‣Test15: 0.00
Thời gian ≈ 0.065742900 giây
Không thấy file kết quả
hoanganht1k27‣Treasure‣Test16: 0.00
Thời gian ≈ 0.064047800 giây
Không thấy file kết quả
hoanganht1k27‣Treasure‣Test17: 0.00
Thời gian ≈ 0.066069800 giây
Không thấy file kết quả
hoanganht1k27‣Treasure‣Test18: 0.00
Thời gian ≈ 0.067273500 giây
Không thấy file kết quả
hoanganht1k27‣Treasure‣Test19: 0.00
Thời gian ≈ 0.069038900 giây
Không thấy file kết quả
