hoanganht1k27‣LAND: 18.00
LAND.cpp
Dịch thành công

hoanganht1k27‣LAND‣test01: 1.00
Thời gian ≈ 0.078241400 giây
Kết quả khớp đáp án!
hoanganht1k27‣LAND‣test02: 1.00
Thời gian ≈ 0.065211200 giây
Kết quả khớp đáp án!
hoanganht1k27‣LAND‣test03: 1.00
Thời gian ≈ 0.074614700 giây
Kết quả khớp đáp án!
hoanganht1k27‣LAND‣test04: 1.00
Thời gian ≈ 0.089831200 giây
Kết quả khớp đáp án!
hoanganht1k27‣LAND‣test05: 1.00
Thời gian ≈ 0.073634500 giây
Kết quả khớp đáp án!
hoanganht1k27‣LAND‣test06: 1.00
Thời gian ≈ 0.071444900 giây
Kết quả khớp đáp án!
hoanganht1k27‣LAND‣test07: 1.00
Thời gian ≈ 0.063983200 giây
Kết quả khớp đáp án!
hoanganht1k27‣LAND‣test08: 1.00
Thời gian ≈ 0.082834000 giây
Kết quả khớp đáp án!
hoanganht1k27‣LAND‣test09: 1.00
Thời gian ≈ 0.081771200 giây
Kết quả khớp đáp án!
hoanganht1k27‣LAND‣test10: 1.00
Thời gian ≈ 0.079235300 giây
Kết quả khớp đáp án!
hoanganht1k27‣LAND‣test11: 1.00
Thời gian ≈ 0.075704000 giây
Kết quả khớp đáp án!
hoanganht1k27‣LAND‣test12: 1.00
Thời gian ≈ 0.086236500 giây
Kết quả khớp đáp án!
hoanganht1k27‣LAND‣test13: 1.00
Thời gian ≈ 0.084368200 giây
Kết quả khớp đáp án!
hoanganht1k27‣LAND‣test14: 1.00
Thời gian ≈ 0.085275500 giây
Kết quả khớp đáp án!
hoanganht1k27‣LAND‣test16: 1.00
Thời gian ≈ 0.086833100 giây
Kết quả khớp đáp án!
hoanganht1k27‣LAND‣test17: 1.00
Thời gian ≈ 0.169448300 giây
Kết quả khớp đáp án!
hoanganht1k27‣LAND‣test18: 1.00
Thời gian ≈ 0.230341300 giây
Kết quả khớp đáp án!
hoanganht1k27‣LAND‣test19: 1.00
Thời gian ≈ 0.395089900 giây
Kết quả khớp đáp án!
