hoanganht1k27‣COLPATHS: 0.00
COLPATHS.cpp
Dịch thành công

hoanganht1k27‣COLPATHS‣test1: 0.00
Thời gian ≈ 0.275517500 giây
Kết quả KHÁC đáp án!
hoanganht1k27‣COLPATHS‣test10: 0.00
Thời gian ≈ 0.296942800 giây
Kết quả KHÁC đáp án!
hoanganht1k27‣COLPATHS‣test11: 0.00
Thời gian ≈ 0.258256700 giây
Kết quả KHÁC đáp án!
hoanganht1k27‣COLPATHS‣test12: 0.00
Thời gian ≈ 0.288355100 giây
Kết quả KHÁC đáp án!
hoanganht1k27‣COLPATHS‣test13: 0.00
Thời gian ≈ 0.248639600 giây
Kết quả KHÁC đáp án!
hoanganht1k27‣COLPATHS‣test14: 0.00
Thời gian ≈ 0.273969900 giây
Kết quả KHÁC đáp án!
hoanganht1k27‣COLPATHS‣test15: 0.00
Thời gian ≈ 0.274077300 giây
Kết quả KHÁC đáp án!
hoanganht1k27‣COLPATHS‣test16: 0.00
Thời gian ≈ 0.263720300 giây
Kết quả KHÁC đáp án!
hoanganht1k27‣COLPATHS‣test17: 0.00
Thời gian ≈ 0.252060900 giây
Kết quả KHÁC đáp án!
hoanganht1k27‣COLPATHS‣test18: 0.00
Thời gian ≈ 0.242576800 giây
Kết quả KHÁC đáp án!
hoanganht1k27‣COLPATHS‣test19: 0.00
Thời gian ≈ 0.239817100 giây
Kết quả KHÁC đáp án!
hoanganht1k27‣COLPATHS‣test2: 0.00
Thời gian ≈ 0.241906200 giây
Kết quả KHÁC đáp án!
hoanganht1k27‣COLPATHS‣test20: 0.00
Thời gian ≈ 0.250882800 giây
Kết quả KHÁC đáp án!
hoanganht1k27‣COLPATHS‣test21: 0.00
Thời gian ≈ 0.244736000 giây
Kết quả KHÁC đáp án!
hoanganht1k27‣COLPATHS‣test22: 0.00
Thời gian ≈ 0.281865800 giây
Kết quả KHÁC đáp án!
hoanganht1k27‣COLPATHS‣test23: 0.00
Thời gian ≈ 0.275926400 giây
Kết quả KHÁC đáp án!
hoanganht1k27‣COLPATHS‣test24: 0.00
Thời gian ≈ 0.235648000 giây
Kết quả KHÁC đáp án!
hoanganht1k27‣COLPATHS‣test3: 0.00
Thời gian ≈ 0.253022900 giây
Kết quả KHÁC đáp án!
hoanganht1k27‣COLPATHS‣test4: 0.00
Thời gian ≈ 0.255643700 giây
Kết quả KHÁC đáp án!
hoanganht1k27‣COLPATHS‣test5: 0.00
Thời gian ≈ 0.250944200 giây
Kết quả KHÁC đáp án!
hoanganht1k27‣COLPATHS‣test6: 0.00
Thời gian ≈ 0.255858400 giây
Kết quả KHÁC đáp án!
hoanganht1k27‣COLPATHS‣test7: 0.00
Thời gian ≈ 0.281976200 giây
Kết quả KHÁC đáp án!
hoanganht1k27‣COLPATHS‣test8: 0.00
Thời gian ≈ 0.267387400 giây
Kết quả KHÁC đáp án!
hoanganht1k27‣COLPATHS‣test9: 0.00
Thời gian ≈ 0.276610000 giây
Kết quả KHÁC đáp án!
