hoanganht1k27‣TREETRIP: 38.00
TREETRIP.cpp
Dịch thành công

hoanganht1k27‣TREETRIP‣Test00: 1.00
Thời gian ≈ 0.091055900 giây
Kết quả khớp đáp án!
hoanganht1k27‣TREETRIP‣Test01: 1.00
Thời gian ≈ 0.082043400 giây
Kết quả khớp đáp án!
hoanganht1k27‣TREETRIP‣Test02: 1.00
Thời gian ≈ 0.074918500 giây
Kết quả khớp đáp án!
hoanganht1k27‣TREETRIP‣Test03: 1.00
Thời gian ≈ 0.086744300 giây
Kết quả khớp đáp án!
hoanganht1k27‣TREETRIP‣Test04: 1.00
Thời gian ≈ 0.081559900 giây
Kết quả khớp đáp án!
hoanganht1k27‣TREETRIP‣Test05: 1.00
Thời gian ≈ 0.089878100 giây
Kết quả khớp đáp án!
hoanganht1k27‣TREETRIP‣Test06: 1.00
Thời gian ≈ 0.077489000 giây
Kết quả khớp đáp án!
hoanganht1k27‣TREETRIP‣Test07: 1.00
Thời gian ≈ 0.081111300 giây
Kết quả khớp đáp án!
hoanganht1k27‣TREETRIP‣Test08: 1.00
Thời gian ≈ 0.100736200 giây
Kết quả khớp đáp án!
hoanganht1k27‣TREETRIP‣Test09: 1.00
Thời gian ≈ 0.087699500 giây
Kết quả khớp đáp án!
hoanganht1k27‣TREETRIP‣Test10: 1.00
Thời gian ≈ 0.086050600 giây
Kết quả khớp đáp án!
hoanganht1k27‣TREETRIP‣Test11: 1.00
Thời gian ≈ 0.078947900 giây
Kết quả khớp đáp án!
hoanganht1k27‣TREETRIP‣Test12: 1.00
Thời gian ≈ 0.098767300 giây
Kết quả khớp đáp án!
hoanganht1k27‣TREETRIP‣Test13: 1.00
Thời gian ≈ 0.104121500 giây
Kết quả khớp đáp án!
hoanganht1k27‣TREETRIP‣Test14: 0.00
Chạy sinh lỗi
Command: "C:\ProgramData\ThemisWorkSpace\ContestRoom\TREETRIP.exe" terminated with exit code: 3221225725
hoanganht1k27‣TREETRIP‣Test15: 0.00
Chạy sinh lỗi
Command: "C:\ProgramData\ThemisWorkSpace\ContestRoom\TREETRIP.exe" terminated with exit code: 3221225725
hoanganht1k27‣TREETRIP‣Test16: 1.00
Thời gian ≈ 0.082883100 giây
Kết quả khớp đáp án!
hoanganht1k27‣TREETRIP‣Test17: 1.00
Thời gian ≈ 0.118584300 giây
Kết quả khớp đáp án!
hoanganht1k27‣TREETRIP‣Test18: 1.00
Thời gian ≈ 0.281815300 giây
Kết quả khớp đáp án!
hoanganht1k27‣TREETRIP‣Test19: 1.00
Thời gian ≈ 0.443482500 giây
Kết quả khớp đáp án!
hoanganht1k27‣TREETRIP‣Test20: 1.00
Thời gian ≈ 0.278006800 giây
Kết quả khớp đáp án!
hoanganht1k27‣TREETRIP‣Test21: 1.00
Thời gian ≈ 0.291842400 giây
Kết quả khớp đáp án!
hoanganht1k27‣TREETRIP‣Test22: 1.00
Thời gian ≈ 0.294287400 giây
Kết quả khớp đáp án!
hoanganht1k27‣TREETRIP‣Test23: 1.00
Thời gian ≈ 0.376608100 giây
Kết quả khớp đáp án!
hoanganht1k27‣TREETRIP‣Test24: 1.00
Thời gian ≈ 0.503548200 giây
Kết quả khớp đáp án!
hoanganht1k27‣TREETRIP‣Test25: 1.00
Thời gian ≈ 0.431357600 giây
Kết quả khớp đáp án!
hoanganht1k27‣TREETRIP‣Test26: 1.00
Thời gian ≈ 0.526997600 giây
Kết quả khớp đáp án!
hoanganht1k27‣TREETRIP‣Test27: 1.00
Thời gian ≈ 0.799090000 giây
Kết quả khớp đáp án!
hoanganht1k27‣TREETRIP‣Test28: 1.00
Thời gian ≈ 0.535920500 giây
Kết quả khớp đáp án!
hoanganht1k27‣TREETRIP‣Test29: 1.00
Thời gian ≈ 0.328511200 giây
Kết quả khớp đáp án!
hoanganht1k27‣TREETRIP‣Test30: 1.00
Thời gian ≈ 0.345531500 giây
Kết quả khớp đáp án!
hoanganht1k27‣TREETRIP‣Test31: 1.00
Thời gian ≈ 0.340609500 giây
Kết quả khớp đáp án!
hoanganht1k27‣TREETRIP‣Test32: 1.00
Thời gian ≈ 0.487237000 giây
Kết quả khớp đáp án!
hoanganht1k27‣TREETRIP‣Test33: 1.00
Thời gian ≈ 0.518748500 giây
Kết quả khớp đáp án!
hoanganht1k27‣TREETRIP‣Test34: 1.00
Thời gian ≈ 0.482031600 giây
Kết quả khớp đáp án!
hoanganht1k27‣TREETRIP‣Test35: 1.00
Thời gian ≈ 0.637277000 giây
Kết quả khớp đáp án!
hoanganht1k27‣TREETRIP‣Test36: 1.00
Thời gian ≈ 0.686706800 giây
Kết quả khớp đáp án!
hoanganht1k27‣TREETRIP‣Test37: 1.00
Thời gian ≈ 0.707089900 giây
Kết quả khớp đáp án!
hoanganht1k27‣TREETRIP‣Test38: 1.00
Thời gian ≈ 0.585582900 giây
Kết quả khớp đáp án!
hoanganht1k27‣TREETRIP‣Test39: 1.00
Thời gian ≈ 0.590307000 giây
Kết quả khớp đáp án!
