hoanganht1k27‣SQUARE: 0.00
SQUARE.cpp
Dịch thành công

hoanganht1k27‣SQUARE‣test01: 0.00
Thời gian ≈ 0.173241200 giây
Kết quả KHÁC đáp án!
hoanganht1k27‣SQUARE‣test02: 0.00
Thời gian ≈ 0.080641100 giây
Kết quả KHÁC đáp án!
hoanganht1k27‣SQUARE‣test03: 0.00
Thời gian ≈ 0.073311200 giây
Kết quả KHÁC đáp án!
hoanganht1k27‣SQUARE‣test04: 0.00
Thời gian ≈ 0.141363600 giây
Kết quả KHÁC đáp án!
hoanganht1k27‣SQUARE‣test05: 0.00
Thời gian ≈ 0.071226700 giây
Kết quả KHÁC đáp án!
hoanganht1k27‣SQUARE‣test06: 0.00
Thời gian ≈ 0.072637200 giây
Kết quả KHÁC đáp án!
hoanganht1k27‣SQUARE‣test07: 0.00
Thời gian ≈ 0.134616500 giây
Kết quả KHÁC đáp án!
hoanganht1k27‣SQUARE‣test08: 0.00
Thời gian ≈ 0.075548400 giây
Kết quả KHÁC đáp án!
hoanganht1k27‣SQUARE‣test09: 0.00
Thời gian ≈ 0.074912300 giây
Kết quả KHÁC đáp án!
hoanganht1k27‣SQUARE‣test10: 0.00
Thời gian ≈ 0.098765400 giây
Kết quả KHÁC đáp án!
hoanganht1k27‣SQUARE‣test11: 0.00
Thời gian ≈ 0.078380500 giây
Kết quả KHÁC đáp án!
hoanganht1k27‣SQUARE‣test12: 0.00
Thời gian ≈ 0.132302500 giây
Kết quả KHÁC đáp án!
hoanganht1k27‣SQUARE‣test13: 0.00
Thời gian ≈ 0.102375800 giây
Kết quả KHÁC đáp án!
hoanganht1k27‣SQUARE‣test14: 0.00
Thời gian ≈ 0.140171100 giây
Kết quả KHÁC đáp án!
hoanganht1k27‣SQUARE‣test15: 0.00
Thời gian ≈ 0.137679700 giây
Kết quả KHÁC đáp án!
hoanganht1k27‣SQUARE‣test16: 0.00
Thời gian ≈ 0.148565000 giây
Kết quả KHÁC đáp án!
hoanganht1k27‣SQUARE‣test17: 0.00
Thời gian ≈ 0.074042700 giây
Kết quả KHÁC đáp án!
hoanganht1k27‣SQUARE‣test18: 0.00
Thời gian ≈ 0.679545400 giây
Kết quả KHÁC đáp án!
hoanganht1k27‣SQUARE‣test19: 0.00
Thời gian ≈ 0.205810800 giây
Kết quả KHÁC đáp án!
hoanganht1k27‣SQUARE‣test20: 0.00
Thời gian ≈ 0.212055800 giây
Kết quả KHÁC đáp án!
hoanganht1k27‣SQUARE‣test21: 0.00
Thời gian ≈ 0.083768100 giây
Kết quả KHÁC đáp án!
hoanganht1k27‣SQUARE‣test22: 0.00
Thời gian ≈ 0.160882800 giây
Kết quả KHÁC đáp án!
hoanganht1k27‣SQUARE‣test23: 0.00
Thời gian ≈ 0.168459900 giây
Kết quả KHÁC đáp án!
hoanganht1k27‣SQUARE‣test24: 0.00
Thời gian ≈ 0.209338700 giây
Kết quả KHÁC đáp án!
hoanganht1k27‣SQUARE‣test25: 0.00
Thời gian ≈ 0.303263200 giây
Kết quả KHÁC đáp án!
hoanganht1k27‣SQUARE‣test26: 0.00
Thời gian ≈ 0.090049700 giây
Kết quả KHÁC đáp án!
hoanganht1k27‣SQUARE‣test27: 0.00
Thời gian ≈ 0.154462900 giây
Kết quả KHÁC đáp án!
hoanganht1k27‣SQUARE‣test28: 0.00
Thời gian ≈ 0.174759600 giây
Kết quả KHÁC đáp án!
hoanganht1k27‣SQUARE‣test29: 0.00
Thời gian ≈ 0.125920700 giây
Kết quả KHÁC đáp án!
hoanganht1k27‣SQUARE‣test30: 0.00
Thời gian ≈ 0.099466300 giây
Kết quả KHÁC đáp án!
hoanganht1k27‣SQUARE‣test31: 0.00
Thời gian ≈ 0.185330200 giây
Kết quả KHÁC đáp án!
hoanganht1k27‣SQUARE‣test32: 0.00
Thời gian ≈ 0.095676600 giây
Kết quả KHÁC đáp án!
hoanganht1k27‣SQUARE‣test33: 0.00
Thời gian ≈ 0.104805600 giây
Kết quả KHÁC đáp án!
hoanganht1k27‣SQUARE‣test34: 0.00
Thời gian ≈ 0.182244500 giây
Kết quả KHÁC đáp án!
hoanganht1k27‣SQUARE‣test35: 0.00
Thời gian ≈ 0.114520700 giây
Kết quả KHÁC đáp án!
hoanganht1k27‣SQUARE‣test36: 0.00
Thời gian ≈ 0.098026500 giây
Kết quả KHÁC đáp án!
hoanganht1k27‣SQUARE‣test37: 0.00
Thời gian ≈ 0.093432000 giây
Kết quả KHÁC đáp án!
hoanganht1k27‣SQUARE‣test38: 0.00
Thời gian ≈ 0.179445200 giây
Kết quả KHÁC đáp án!
hoanganht1k27‣SQUARE‣test39: 0.00
Thời gian ≈ 0.131979100 giây
Kết quả KHÁC đáp án!
hoanganht1k27‣SQUARE‣test40: 0.00
Thời gian ≈ 0.113903500 giây
Kết quả KHÁC đáp án!
hoanganht1k27‣SQUARE‣test41: 0.00
Thời gian ≈ 0.101640200 giây
Kết quả KHÁC đáp án!
hoanganht1k27‣SQUARE‣test42: 0.00
Thời gian ≈ 0.083375200 giây
Kết quả KHÁC đáp án!
hoanganht1k27‣SQUARE‣test43: 0.00
Thời gian ≈ 0.089540800 giây
Kết quả KHÁC đáp án!
hoanganht1k27‣SQUARE‣test44: 0.00
Thời gian ≈ 0.084563700 giây
Kết quả KHÁC đáp án!
hoanganht1k27‣SQUARE‣test45: 0.00
Thời gian ≈ 0.118022500 giây
Kết quả KHÁC đáp án!
hoanganht1k27‣SQUARE‣test46: 0.00
Thời gian ≈ 0.180854000 giây
Kết quả KHÁC đáp án!
hoanganht1k27‣SQUARE‣test47: 0.00
Thời gian ≈ 0.157606600 giây
Kết quả KHÁC đáp án!
hoanganht1k27‣SQUARE‣test48: 0.00
Thời gian ≈ 0.086684400 giây
Kết quả KHÁC đáp án!
hoanganht1k27‣SQUARE‣test49: 0.00
Thời gian ≈ 0.088575300 giây
Kết quả KHÁC đáp án!
hoanganht1k27‣SQUARE‣test50: 0.00
Thời gian ≈ 0.088661700 giây
Kết quả KHÁC đáp án!
hoanganht1k27‣SQUARE‣test51: 0.00
Thời gian ≈ 0.140191500 giây
Kết quả KHÁC đáp án!
hoanganht1k27‣SQUARE‣test52: 0.00
Thời gian ≈ 0.086543000 giây
Kết quả KHÁC đáp án!
hoanganht1k27‣SQUARE‣test53: 0.00
Thời gian ≈ 0.084696100 giây
Kết quả KHÁC đáp án!
hoanganht1k27‣SQUARE‣test54: 0.00
Thời gian ≈ 0.177681300 giây
Kết quả KHÁC đáp án!
hoanganht1k27‣SQUARE‣test55: 0.00
Thời gian ≈ 0.200855100 giây
Kết quả KHÁC đáp án!
hoanganht1k27‣SQUARE‣test56: 0.00
Thời gian ≈ 0.177124000 giây
Kết quả KHÁC đáp án!
hoanganht1k27‣SQUARE‣test57: 0.00
Thời gian ≈ 0.171093600 giây
Kết quả KHÁC đáp án!
hoanganht1k27‣SQUARE‣test58: 0.00
Thời gian ≈ 0.135437900 giây
Kết quả KHÁC đáp án!
hoanganht1k27‣SQUARE‣test59: 0.00
Thời gian ≈ 0.195682000 giây
Kết quả KHÁC đáp án!
hoanganht1k27‣SQUARE‣test60: 0.00
Thời gian ≈ 0.172041500 giây
Kết quả KHÁC đáp án!
