T104 Nguyen Hoang Anh‣Treasure: 0.00
Treasure.cpp
Dịch thành công

T104 Nguyen Hoang Anh‣Treasure‣Test00: 0.00
Thời gian ≈ 0.104075100 giây
Không thấy file kết quả
T104 Nguyen Hoang Anh‣Treasure‣Test01: 0.00
Thời gian ≈ 0.065314100 giây
Không thấy file kết quả
T104 Nguyen Hoang Anh‣Treasure‣Test02: 0.00
Thời gian ≈ 0.069094600 giây
Không thấy file kết quả
T104 Nguyen Hoang Anh‣Treasure‣Test03: 0.00
Thời gian ≈ 0.066134700 giây
Không thấy file kết quả
T104 Nguyen Hoang Anh‣Treasure‣Test04: 0.00
Thời gian ≈ 0.066793700 giây
Không thấy file kết quả
T104 Nguyen Hoang Anh‣Treasure‣Test05: 0.00
Thời gian ≈ 0.115384500 giây
Không thấy file kết quả
T104 Nguyen Hoang Anh‣Treasure‣Test06: 0.00
Thời gian ≈ 0.142394200 giây
Không thấy file kết quả
T104 Nguyen Hoang Anh‣Treasure‣Test07: 0.00
Thời gian ≈ 0.122912300 giây
Không thấy file kết quả
T104 Nguyen Hoang Anh‣Treasure‣Test08: 0.00
Thời gian ≈ 0.121345500 giây
Không thấy file kết quả
T104 Nguyen Hoang Anh‣Treasure‣Test09: 0.00
Thời gian ≈ 0.122002700 giây
Không thấy file kết quả
T104 Nguyen Hoang Anh‣Treasure‣Test10: 0.00
Thời gian ≈ 0.163359500 giây
Không thấy file kết quả
T104 Nguyen Hoang Anh‣Treasure‣Test11: 0.00
Thời gian ≈ 0.112930700 giây
Không thấy file kết quả
T104 Nguyen Hoang Anh‣Treasure‣Test12: 0.00
Thời gian ≈ 0.140450900 giây
Không thấy file kết quả
T104 Nguyen Hoang Anh‣Treasure‣Test13: 0.00
Thời gian ≈ 0.156740800 giây
Không thấy file kết quả
T104 Nguyen Hoang Anh‣Treasure‣Test14: 0.00
Thời gian ≈ 0.154850400 giây
Không thấy file kết quả
T104 Nguyen Hoang Anh‣Treasure‣Test15: 0.00
Thời gian ≈ 0.128191900 giây
Không thấy file kết quả
T104 Nguyen Hoang Anh‣Treasure‣Test16: 0.00
Thời gian ≈ 0.159166700 giây
Không thấy file kết quả
T104 Nguyen Hoang Anh‣Treasure‣Test17: 0.00
Thời gian ≈ 0.158266100 giây
Không thấy file kết quả
T104 Nguyen Hoang Anh‣Treasure‣Test18: 0.00
Thời gian ≈ 0.122947900 giây
Không thấy file kết quả
T104 Nguyen Hoang Anh‣Treasure‣Test19: 0.00
Thời gian ≈ 0.109317900 giây
Không thấy file kết quả
