T104 Nguyen Hoang Anh‣SQUARE: 0.00
SQUARE.cpp
Dịch thành công

T104 Nguyen Hoang Anh‣SQUARE‣$SQUARE01: 0.00
Thời gian ≈ 0.090152600 giây
Kết quả KHÁC đáp án!
T104 Nguyen Hoang Anh‣SQUARE‣$SQUARE02: 0.00
Thời gian ≈ 0.074950400 giây
Kết quả KHÁC đáp án!
T104 Nguyen Hoang Anh‣SQUARE‣$SQUARE03: 0.00
Thời gian ≈ 0.077459200 giây
Kết quả KHÁC đáp án!
T104 Nguyen Hoang Anh‣SQUARE‣$SQUARE04: 0.00
Thời gian ≈ 0.068184500 giây
Kết quả KHÁC đáp án!
T104 Nguyen Hoang Anh‣SQUARE‣$SQUARE05: 0.00
Thời gian ≈ 1.006170500 giây
Kết quả KHÁC đáp án!
T104 Nguyen Hoang Anh‣SQUARE‣$SQUARE06: 0.00
Thời gian ≈ 1.116357000 giây
Kết quả KHÁC đáp án!
T104 Nguyen Hoang Anh‣SQUARE‣$SQUARE07: 0.00
Thời gian ≈ 1.066204400 giây
Kết quả KHÁC đáp án!
T104 Nguyen Hoang Anh‣SQUARE‣$SQUARE08: 0.00
Thời gian ≈ 1.668794900 giây
Kết quả KHÁC đáp án!
T104 Nguyen Hoang Anh‣SQUARE‣$SQUARE09: 0.00
Thời gian ≈ 0.064962900 giây
Kết quả KHÁC đáp án!
T104 Nguyen Hoang Anh‣SQUARE‣$SQUARE10: 0.00
Thời gian ≈ 0.069081800 giây
Kết quả KHÁC đáp án!
T104 Nguyen Hoang Anh‣SQUARE‣$SQUARE11: 0.00
Thời gian ≈ 0.075465900 giây
Kết quả KHÁC đáp án!
T104 Nguyen Hoang Anh‣SQUARE‣$SQUARE12: 0.00
Thời gian ≈ 0.079621800 giây
Kết quả KHÁC đáp án!
T104 Nguyen Hoang Anh‣SQUARE‣$SQUARE13: 0.00
Thời gian ≈ 0.089298100 giây
Kết quả KHÁC đáp án!
T104 Nguyen Hoang Anh‣SQUARE‣$SQUARE14: 0.00
Thời gian ≈ 1.002063300 giây
Kết quả KHÁC đáp án!
T104 Nguyen Hoang Anh‣SQUARE‣$SQUARE15: 0.00
Thời gian ≈ 1.194705800 giây
Kết quả KHÁC đáp án!
T104 Nguyen Hoang Anh‣SQUARE‣$SQUARE16: 0.00
Thời gian ≈ 1.125114500 giây
Kết quả KHÁC đáp án!
T104 Nguyen Hoang Anh‣SQUARE‣$SQUARE17: 0.00
Thời gian ≈ 1.038458900 giây
Kết quả KHÁC đáp án!
T104 Nguyen Hoang Anh‣SQUARE‣$SQUARE18: 0.00
Thời gian ≈ 1.361197000 giây
Kết quả KHÁC đáp án!
T104 Nguyen Hoang Anh‣SQUARE‣$SQUARE19: 0.00
Thời gian ≈ 1.430059500 giây
Kết quả KHÁC đáp án!
T104 Nguyen Hoang Anh‣SQUARE‣$SQUARE20: 0.00
Thời gian ≈ 0.376554100 giây
Kết quả KHÁC đáp án!
