T104 Nguyen Hoang Anh‣TREETRIP: 38.00
TREETRIP.cpp
Dịch thành công

T104 Nguyen Hoang Anh‣TREETRIP‣Test00: 1.00
Thời gian ≈ 0.100995500 giây
Kết quả khớp đáp án!
T104 Nguyen Hoang Anh‣TREETRIP‣Test01: 1.00
Thời gian ≈ 0.063388500 giây
Kết quả khớp đáp án!
T104 Nguyen Hoang Anh‣TREETRIP‣Test02: 1.00
Thời gian ≈ 0.069105700 giây
Kết quả khớp đáp án!
T104 Nguyen Hoang Anh‣TREETRIP‣Test03: 1.00
Thời gian ≈ 0.068871300 giây
Kết quả khớp đáp án!
T104 Nguyen Hoang Anh‣TREETRIP‣Test04: 1.00
Thời gian ≈ 0.068967300 giây
Kết quả khớp đáp án!
T104 Nguyen Hoang Anh‣TREETRIP‣Test05: 1.00
Thời gian ≈ 0.068658100 giây
Kết quả khớp đáp án!
T104 Nguyen Hoang Anh‣TREETRIP‣Test06: 1.00
Thời gian ≈ 0.071044400 giây
Kết quả khớp đáp án!
T104 Nguyen Hoang Anh‣TREETRIP‣Test07: 1.00
Thời gian ≈ 0.070225400 giây
Kết quả khớp đáp án!
T104 Nguyen Hoang Anh‣TREETRIP‣Test08: 1.00
Thời gian ≈ 0.068891900 giây
Kết quả khớp đáp án!
T104 Nguyen Hoang Anh‣TREETRIP‣Test09: 1.00
Thời gian ≈ 0.070462600 giây
Kết quả khớp đáp án!
T104 Nguyen Hoang Anh‣TREETRIP‣Test10: 1.00
Thời gian ≈ 0.080637800 giây
Kết quả khớp đáp án!
T104 Nguyen Hoang Anh‣TREETRIP‣Test11: 1.00
Thời gian ≈ 0.070426700 giây
Kết quả khớp đáp án!
T104 Nguyen Hoang Anh‣TREETRIP‣Test12: 1.00
Thời gian ≈ 0.072061200 giây
Kết quả khớp đáp án!
T104 Nguyen Hoang Anh‣TREETRIP‣Test13: 1.00
Thời gian ≈ 0.089927400 giây
Kết quả khớp đáp án!
T104 Nguyen Hoang Anh‣TREETRIP‣Test14: 0.00
Chạy sinh lỗi
Command: "C:\ProgramData\ThemisWorkSpace\ContestRoom\TREETRIP.exe" terminated with exit code: 3221225725
T104 Nguyen Hoang Anh‣TREETRIP‣Test15: 0.00
Chạy sinh lỗi
Command: "C:\ProgramData\ThemisWorkSpace\ContestRoom\TREETRIP.exe" terminated with exit code: 3221225725
T104 Nguyen Hoang Anh‣TREETRIP‣Test16: 1.00
Thời gian ≈ 0.073429800 giây
Kết quả khớp đáp án!
T104 Nguyen Hoang Anh‣TREETRIP‣Test17: 1.00
Thời gian ≈ 0.081753400 giây
Kết quả khớp đáp án!
T104 Nguyen Hoang Anh‣TREETRIP‣Test18: 1.00
Thời gian ≈ 0.246240400 giây
Kết quả khớp đáp án!
T104 Nguyen Hoang Anh‣TREETRIP‣Test19: 1.00
Thời gian ≈ 0.427385000 giây
Kết quả khớp đáp án!
T104 Nguyen Hoang Anh‣TREETRIP‣Test20: 1.00
Thời gian ≈ 0.255038400 giây
Kết quả khớp đáp án!
T104 Nguyen Hoang Anh‣TREETRIP‣Test21: 1.00
Thời gian ≈ 0.273519300 giây
Kết quả khớp đáp án!
T104 Nguyen Hoang Anh‣TREETRIP‣Test22: 1.00
Thời gian ≈ 0.269346100 giây
Kết quả khớp đáp án!
T104 Nguyen Hoang Anh‣TREETRIP‣Test23: 1.00
Thời gian ≈ 0.363443800 giây
Kết quả khớp đáp án!
T104 Nguyen Hoang Anh‣TREETRIP‣Test24: 1.00
Thời gian ≈ 0.380566900 giây
Kết quả khớp đáp án!
T104 Nguyen Hoang Anh‣TREETRIP‣Test25: 1.00
Thời gian ≈ 0.366132900 giây
Kết quả khớp đáp án!
T104 Nguyen Hoang Anh‣TREETRIP‣Test26: 1.00
Thời gian ≈ 0.447676400 giây
Kết quả khớp đáp án!
T104 Nguyen Hoang Anh‣TREETRIP‣Test27: 1.00
Thời gian ≈ 0.474904300 giây
Kết quả khớp đáp án!
T104 Nguyen Hoang Anh‣TREETRIP‣Test28: 1.00
Thời gian ≈ 0.475695700 giây
Kết quả khớp đáp án!
T104 Nguyen Hoang Anh‣TREETRIP‣Test29: 1.00
Thời gian ≈ 0.297209100 giây
Kết quả khớp đáp án!
T104 Nguyen Hoang Anh‣TREETRIP‣Test30: 1.00
Thời gian ≈ 0.332237500 giây
Kết quả khớp đáp án!
T104 Nguyen Hoang Anh‣TREETRIP‣Test31: 1.00
Thời gian ≈ 0.320621700 giây
Kết quả khớp đáp án!
T104 Nguyen Hoang Anh‣TREETRIP‣Test32: 1.00
Thời gian ≈ 0.444410500 giây
Kết quả khớp đáp án!
T104 Nguyen Hoang Anh‣TREETRIP‣Test33: 1.00
Thời gian ≈ 0.461307700 giây
Kết quả khớp đáp án!
T104 Nguyen Hoang Anh‣TREETRIP‣Test34: 1.00
Thời gian ≈ 0.454784300 giây
Kết quả khớp đáp án!
T104 Nguyen Hoang Anh‣TREETRIP‣Test35: 1.00
Thời gian ≈ 0.584969400 giây
Kết quả khớp đáp án!
T104 Nguyen Hoang Anh‣TREETRIP‣Test36: 1.00
Thời gian ≈ 0.626603400 giây
Kết quả khớp đáp án!
T104 Nguyen Hoang Anh‣TREETRIP‣Test37: 1.00
Thời gian ≈ 0.616238200 giây
Kết quả khớp đáp án!
T104 Nguyen Hoang Anh‣TREETRIP‣Test38: 1.00
Thời gian ≈ 0.549124800 giây
Kết quả khớp đáp án!
T104 Nguyen Hoang Anh‣TREETRIP‣Test39: 1.00
Thời gian ≈ 0.532233400 giây
Kết quả khớp đáp án!
