T104 Nguyen Hoang Anh‣LAND: 18.00
LAND.cpp
Dịch thành công

T104 Nguyen Hoang Anh‣LAND‣test01: 1.00
Thời gian ≈ 0.188558400 giây
Kết quả khớp đáp án!
T104 Nguyen Hoang Anh‣LAND‣test02: 1.00
Thời gian ≈ 0.110163100 giây
Kết quả khớp đáp án!
T104 Nguyen Hoang Anh‣LAND‣test03: 1.00
Thời gian ≈ 0.141409100 giây
Kết quả khớp đáp án!
T104 Nguyen Hoang Anh‣LAND‣test04: 1.00
Thời gian ≈ 0.181100100 giây
Kết quả khớp đáp án!
T104 Nguyen Hoang Anh‣LAND‣test05: 1.00
Thời gian ≈ 0.110480900 giây
Kết quả khớp đáp án!
T104 Nguyen Hoang Anh‣LAND‣test06: 1.00
Thời gian ≈ 0.308786100 giây
Kết quả khớp đáp án!
T104 Nguyen Hoang Anh‣LAND‣test07: 1.00
Thời gian ≈ 0.117347200 giây
Kết quả khớp đáp án!
T104 Nguyen Hoang Anh‣LAND‣test08: 1.00
Thời gian ≈ 0.137418200 giây
Kết quả khớp đáp án!
T104 Nguyen Hoang Anh‣LAND‣test09: 1.00
Thời gian ≈ 0.204921500 giây
Kết quả khớp đáp án!
T104 Nguyen Hoang Anh‣LAND‣test10: 1.00
Thời gian ≈ 0.170019500 giây
Kết quả khớp đáp án!
T104 Nguyen Hoang Anh‣LAND‣test11: 1.00
Thời gian ≈ 0.149860500 giây
Kết quả khớp đáp án!
T104 Nguyen Hoang Anh‣LAND‣test12: 1.00
Thời gian ≈ 0.258851400 giây
Kết quả khớp đáp án!
T104 Nguyen Hoang Anh‣LAND‣test13: 1.00
Thời gian ≈ 0.133373800 giây
Kết quả khớp đáp án!
T104 Nguyen Hoang Anh‣LAND‣test14: 1.00
Thời gian ≈ 0.237719600 giây
Kết quả khớp đáp án!
T104 Nguyen Hoang Anh‣LAND‣test16: 1.00
Thời gian ≈ 0.148885100 giây
Kết quả khớp đáp án!
T104 Nguyen Hoang Anh‣LAND‣test17: 1.00
Thời gian ≈ 0.237101500 giây
Kết quả khớp đáp án!
T104 Nguyen Hoang Anh‣LAND‣test18: 1.00
Thời gian ≈ 0.263106000 giây
Kết quả khớp đáp án!
T104 Nguyen Hoang Anh‣LAND‣test19: 1.00
Thời gian ≈ 0.717817800 giây
Kết quả khớp đáp án!
