T104 Nguyen Hoang Anh‣FTFD: 0.00
FTFD.cpp
Dịch thành công

T104 Nguyen Hoang Anh‣FTFD‣test01: 0.00
Thời gian ≈ 0.086811600 giây
Kết quả KHÁC đáp án!
T104 Nguyen Hoang Anh‣FTFD‣test02: 0.00
Thời gian ≈ 0.064750800 giây
Kết quả KHÁC đáp án!
T104 Nguyen Hoang Anh‣FTFD‣test03: 0.00
Thời gian ≈ 0.066076100 giây
Kết quả KHÁC đáp án!
T104 Nguyen Hoang Anh‣FTFD‣test04: 0.00
Thời gian ≈ 0.067182100 giây
Kết quả KHÁC đáp án!
T104 Nguyen Hoang Anh‣FTFD‣test05: 0.00
Thời gian ≈ 0.062162300 giây
Kết quả KHÁC đáp án!
T104 Nguyen Hoang Anh‣FTFD‣test06: 0.00
Thời gian ≈ 0.063428900 giây
Kết quả KHÁC đáp án!
T104 Nguyen Hoang Anh‣FTFD‣test07: 0.00
Thời gian ≈ 0.091694600 giây
Kết quả KHÁC đáp án!
T104 Nguyen Hoang Anh‣FTFD‣test08: 0.00
Thời gian ≈ 0.062160900 giây
Kết quả KHÁC đáp án!
T104 Nguyen Hoang Anh‣FTFD‣test09: 0.00
Thời gian ≈ 0.084020500 giây
Kết quả KHÁC đáp án!
T104 Nguyen Hoang Anh‣FTFD‣test10: 0.00
Thời gian ≈ 0.075440900 giây
Kết quả KHÁC đáp án!
T104 Nguyen Hoang Anh‣FTFD‣test11: 0.00
Thời gian ≈ 0.065259500 giây
Kết quả KHÁC đáp án!
T104 Nguyen Hoang Anh‣FTFD‣test12: 0.00
Thời gian ≈ 0.088734400 giây
Kết quả KHÁC đáp án!
T104 Nguyen Hoang Anh‣FTFD‣test13: 0.00
Thời gian ≈ 0.076125900 giây
Kết quả KHÁC đáp án!
T104 Nguyen Hoang Anh‣FTFD‣test14: 0.00
Thời gian ≈ 0.095665600 giây
Kết quả KHÁC đáp án!
T104 Nguyen Hoang Anh‣FTFD‣test15: 0.00
Thời gian ≈ 0.063308600 giây
Kết quả KHÁC đáp án!
T104 Nguyen Hoang Anh‣FTFD‣test16: 0.00
Thời gian ≈ 0.068664100 giây
Kết quả KHÁC đáp án!
T104 Nguyen Hoang Anh‣FTFD‣test17: 0.00
Thời gian ≈ 0.070352500 giây
Kết quả KHÁC đáp án!
T104 Nguyen Hoang Anh‣FTFD‣test18: 0.00
Thời gian ≈ 0.082957100 giây
Kết quả KHÁC đáp án!
T104 Nguyen Hoang Anh‣FTFD‣test19: 0.00
Thời gian ≈ 0.075335800 giây
Kết quả KHÁC đáp án!
T104 Nguyen Hoang Anh‣FTFD‣test20: 0.00
Thời gian ≈ 0.081750300 giây
Kết quả KHÁC đáp án!
