T104 Nguyen Hoang Anh‣SOLEQU: 0.60
SOLEQU.cpp
Dịch thành công

T104 Nguyen Hoang Anh‣SOLEQU‣TEST01: 0.00
Thời gian ≈ 0.089918900 giây
Kết quả KHÁC đáp án!
T104 Nguyen Hoang Anh‣SOLEQU‣TEST02: 0.00
Thời gian ≈ 0.065262400 giây
Kết quả KHÁC đáp án!
T104 Nguyen Hoang Anh‣SOLEQU‣TEST03: 0.00
Thời gian ≈ 0.069232400 giây
Kết quả KHÁC đáp án!
T104 Nguyen Hoang Anh‣SOLEQU‣TEST04: 0.00
Thời gian ≈ 0.065009800 giây
Kết quả KHÁC đáp án!
T104 Nguyen Hoang Anh‣SOLEQU‣TEST05: 0.00
Thời gian ≈ 0.075498400 giây
Kết quả KHÁC đáp án!
T104 Nguyen Hoang Anh‣SOLEQU‣TEST06: 0.00
Thời gian ≈ 0.067623700 giây
Kết quả KHÁC đáp án!
T104 Nguyen Hoang Anh‣SOLEQU‣TEST07: 0.30
Thời gian ≈ 0.063459900 giây
Kết quả khớp đáp án!
T104 Nguyen Hoang Anh‣SOLEQU‣TEST08: 0.00
Thời gian ≈ 0.064823700 giây
Kết quả KHÁC đáp án!
T104 Nguyen Hoang Anh‣SOLEQU‣TEST09: 0.00
Thời gian ≈ 0.069117600 giây
Kết quả KHÁC đáp án!
T104 Nguyen Hoang Anh‣SOLEQU‣TEST10: 0.00
Thời gian ≈ 0.067714900 giây
Kết quả KHÁC đáp án!
T104 Nguyen Hoang Anh‣SOLEQU‣TEST11: 0.00
Thời gian ≈ 0.066707200 giây
Kết quả KHÁC đáp án!
T104 Nguyen Hoang Anh‣SOLEQU‣TEST12: 0.00
Thời gian ≈ 0.063929100 giây
Kết quả KHÁC đáp án!
T104 Nguyen Hoang Anh‣SOLEQU‣TEST13: 0.30
Thời gian ≈ 0.065932100 giây
Kết quả khớp đáp án!
T104 Nguyen Hoang Anh‣SOLEQU‣TEST14: 0.00
Thời gian ≈ 0.061254200 giây
Kết quả KHÁC đáp án!
T104 Nguyen Hoang Anh‣SOLEQU‣TEST15: 0.00
Thời gian ≈ 0.065562200 giây
Kết quả KHÁC đáp án!
T104 Nguyen Hoang Anh‣SOLEQU‣TEST16: 0.00
Thời gian ≈ 0.063522300 giây
Kết quả KHÁC đáp án!
T104 Nguyen Hoang Anh‣SOLEQU‣TEST17: 0.00
Thời gian ≈ 0.064103200 giây
Kết quả KHÁC đáp án!
T104 Nguyen Hoang Anh‣SOLEQU‣TEST18: 0.00
Thời gian ≈ 0.069562900 giây
Kết quả KHÁC đáp án!
T104 Nguyen Hoang Anh‣SOLEQU‣TEST19: 0.00
Thời gian ≈ 0.066756400 giây
Kết quả KHÁC đáp án!
T104 Nguyen Hoang Anh‣SOLEQU‣TEST20: 0.00
Thời gian ≈ 0.069367900 giây
Kết quả KHÁC đáp án!
