T104 Nguyen Hoang Anh‣MARIO: 77.00
MARIO.cpp
Dịch thành công

T104 Nguyen Hoang Anh‣MARIO‣test001: 1.00
Thời gian ≈ 0.102905500 giây
Kết quả khớp đáp án!
T104 Nguyen Hoang Anh‣MARIO‣test002: 1.00
Thời gian ≈ 0.084131400 giây
Kết quả khớp đáp án!
T104 Nguyen Hoang Anh‣MARIO‣test003: 1.00
Thời gian ≈ 0.149083500 giây
Kết quả khớp đáp án!
T104 Nguyen Hoang Anh‣MARIO‣test004: 1.00
Thời gian ≈ 0.098755800 giây
Kết quả khớp đáp án!
T104 Nguyen Hoang Anh‣MARIO‣test005: 1.00
Thời gian ≈ 0.088709300 giây
Kết quả khớp đáp án!
T104 Nguyen Hoang Anh‣MARIO‣test006: 1.00
Thời gian ≈ 0.090301300 giây
Kết quả khớp đáp án!
T104 Nguyen Hoang Anh‣MARIO‣test007: 1.00
Thời gian ≈ 0.089423300 giây
Kết quả khớp đáp án!
T104 Nguyen Hoang Anh‣MARIO‣test008: 1.00
Thời gian ≈ 0.139366000 giây
Kết quả khớp đáp án!
T104 Nguyen Hoang Anh‣MARIO‣test009: 1.00
Thời gian ≈ 0.107426000 giây
Kết quả khớp đáp án!
T104 Nguyen Hoang Anh‣MARIO‣test010: 1.00
Thời gian ≈ 0.093078900 giây
Kết quả khớp đáp án!
T104 Nguyen Hoang Anh‣MARIO‣test011: 1.00
Thời gian ≈ 0.091166700 giây
Kết quả khớp đáp án!
T104 Nguyen Hoang Anh‣MARIO‣test012: 1.00
Thời gian ≈ 0.092057800 giây
Kết quả khớp đáp án!
T104 Nguyen Hoang Anh‣MARIO‣test013: 1.00
Thời gian ≈ 0.113537100 giây
Kết quả khớp đáp án!
T104 Nguyen Hoang Anh‣MARIO‣test014: 1.00
Thời gian ≈ 0.185803200 giây
Kết quả khớp đáp án!
T104 Nguyen Hoang Anh‣MARIO‣test015: 1.00
Thời gian ≈ 0.091811200 giây
Kết quả khớp đáp án!
T104 Nguyen Hoang Anh‣MARIO‣test016: 1.00
Thời gian ≈ 0.197351800 giây
Kết quả khớp đáp án!
T104 Nguyen Hoang Anh‣MARIO‣test017: 1.00
Thời gian ≈ 0.119528800 giây
Kết quả khớp đáp án!
T104 Nguyen Hoang Anh‣MARIO‣test018: 1.00
Thời gian ≈ 0.095475900 giây
Kết quả khớp đáp án!
T104 Nguyen Hoang Anh‣MARIO‣test019: 1.00
Thời gian ≈ 0.091884100 giây
Kết quả khớp đáp án!
T104 Nguyen Hoang Anh‣MARIO‣test020: 1.00
Thời gian ≈ 0.091229600 giây
Kết quả khớp đáp án!
T104 Nguyen Hoang Anh‣MARIO‣test021: 1.00
Thời gian ≈ 0.131398800 giây
Kết quả khớp đáp án!
T104 Nguyen Hoang Anh‣MARIO‣test022: 1.00
Thời gian ≈ 0.160276900 giây
Kết quả khớp đáp án!
T104 Nguyen Hoang Anh‣MARIO‣test023: 1.00
Thời gian ≈ 0.106152200 giây
Kết quả khớp đáp án!
T104 Nguyen Hoang Anh‣MARIO‣test024: 1.00
Thời gian ≈ 0.122858400 giây
Kết quả khớp đáp án!
T104 Nguyen Hoang Anh‣MARIO‣test025: 1.00
Thời gian ≈ 0.106525400 giây
Kết quả khớp đáp án!
T104 Nguyen Hoang Anh‣MARIO‣test026: 1.00
Thời gian ≈ 0.131288100 giây
Kết quả khớp đáp án!
T104 Nguyen Hoang Anh‣MARIO‣test027: 1.00
Thời gian ≈ 0.252939000 giây
Kết quả khớp đáp án!
T104 Nguyen Hoang Anh‣MARIO‣test028: 1.00
Thời gian ≈ 0.324937900 giây
Kết quả khớp đáp án!
T104 Nguyen Hoang Anh‣MARIO‣test029: 1.00
Thời gian ≈ 0.080343200 giây
Kết quả khớp đáp án!
T104 Nguyen Hoang Anh‣MARIO‣test030: 1.00
Thời gian ≈ 0.113967200 giây
Kết quả khớp đáp án!
T104 Nguyen Hoang Anh‣MARIO‣test031: 1.00
Thời gian ≈ 0.200206400 giây
Kết quả khớp đáp án!
T104 Nguyen Hoang Anh‣MARIO‣test032: 1.00
Thời gian ≈ 0.238481900 giây
Kết quả khớp đáp án!
T104 Nguyen Hoang Anh‣MARIO‣test033: 1.00
Thời gian ≈ 0.202841200 giây
Kết quả khớp đáp án!
T104 Nguyen Hoang Anh‣MARIO‣test034: 1.00
Thời gian ≈ 0.165218100 giây
Kết quả khớp đáp án!
T104 Nguyen Hoang Anh‣MARIO‣test035: 1.00
Thời gian ≈ 0.220169200 giây
Kết quả khớp đáp án!
T104 Nguyen Hoang Anh‣MARIO‣test036: 1.00
Thời gian ≈ 0.145928000 giây
Kết quả khớp đáp án!
T104 Nguyen Hoang Anh‣MARIO‣test037: 1.00
Thời gian ≈ 0.199925100 giây
Kết quả khớp đáp án!
T104 Nguyen Hoang Anh‣MARIO‣test038: 1.00
Thời gian ≈ 0.187576600 giây
Kết quả khớp đáp án!
T104 Nguyen Hoang Anh‣MARIO‣test039: 1.00
Thời gian ≈ 0.144677300 giây
Kết quả khớp đáp án!
T104 Nguyen Hoang Anh‣MARIO‣test040: 1.00
Thời gian ≈ 0.164187800 giây
Kết quả khớp đáp án!
T104 Nguyen Hoang Anh‣MARIO‣test041: 1.00
Thời gian ≈ 1.743594200 giây
Kết quả khớp đáp án!
T104 Nguyen Hoang Anh‣MARIO‣test042: 1.00
Thời gian ≈ 1.625411500 giây
Kết quả khớp đáp án!
T104 Nguyen Hoang Anh‣MARIO‣test043: 1.00
Thời gian ≈ 1.561407400 giây
Kết quả khớp đáp án!
T104 Nguyen Hoang Anh‣MARIO‣test044: 1.00
Thời gian ≈ 1.542982800 giây
Kết quả khớp đáp án!
T104 Nguyen Hoang Anh‣MARIO‣test045: 1.00
Thời gian ≈ 1.840915700 giây
Kết quả khớp đáp án!
T104 Nguyen Hoang Anh‣MARIO‣test046: 1.00
Thời gian ≈ 1.704550000 giây
Kết quả khớp đáp án!
T104 Nguyen Hoang Anh‣MARIO‣test047: 0.00
Chạy quá thời gian
T104 Nguyen Hoang Anh‣MARIO‣test048: 0.00
Chạy quá thời gian
T104 Nguyen Hoang Anh‣MARIO‣test049: 0.00
Chạy quá thời gian
T104 Nguyen Hoang Anh‣MARIO‣test050: 0.00
Chạy quá thời gian
T104 Nguyen Hoang Anh‣MARIO‣test051: 0.00
Chạy quá thời gian
T104 Nguyen Hoang Anh‣MARIO‣test052: 0.00
Chạy quá thời gian
T104 Nguyen Hoang Anh‣MARIO‣test053: 0.00
Chạy quá thời gian
T104 Nguyen Hoang Anh‣MARIO‣test054: 0.00
Chạy quá thời gian
T104 Nguyen Hoang Anh‣MARIO‣test055: 0.00
Chạy quá thời gian
T104 Nguyen Hoang Anh‣MARIO‣test056: 0.00
Chạy quá thời gian
T104 Nguyen Hoang Anh‣MARIO‣test057: 0.00
Chạy quá thời gian
T104 Nguyen Hoang Anh‣MARIO‣test058: 1.00
Thời gian ≈ 1.627935400 giây
Kết quả khớp đáp án!
T104 Nguyen Hoang Anh‣MARIO‣test059: 1.00
Thời gian ≈ 1.608809500 giây
Kết quả khớp đáp án!
T104 Nguyen Hoang Anh‣MARIO‣test060: 1.00
Thời gian ≈ 1.468563200 giây
Kết quả khớp đáp án!
T104 Nguyen Hoang Anh‣MARIO‣test061: 1.00
Thời gian ≈ 1.280839500 giây
Kết quả khớp đáp án!
T104 Nguyen Hoang Anh‣MARIO‣test062: 1.00
Thời gian ≈ 1.503361000 giây
Kết quả khớp đáp án!
T104 Nguyen Hoang Anh‣MARIO‣test063: 1.00
Thời gian ≈ 1.479145100 giây
Kết quả khớp đáp án!
T104 Nguyen Hoang Anh‣MARIO‣test064: 0.00
Chạy quá thời gian
T104 Nguyen Hoang Anh‣MARIO‣test065: 0.00
Chạy quá thời gian
T104 Nguyen Hoang Anh‣MARIO‣test066: 1.00
Thời gian ≈ 1.352921900 giây
Kết quả khớp đáp án!
T104 Nguyen Hoang Anh‣MARIO‣test067: 1.00
Thời gian ≈ 1.591354300 giây
Kết quả khớp đáp án!
T104 Nguyen Hoang Anh‣MARIO‣test068: 1.00
Thời gian ≈ 1.701960600 giây
Kết quả khớp đáp án!
T104 Nguyen Hoang Anh‣MARIO‣test069: 1.00
Thời gian ≈ 1.841511900 giây
Kết quả khớp đáp án!
T104 Nguyen Hoang Anh‣MARIO‣test070: 1.00
Thời gian ≈ 1.325652300 giây
Kết quả khớp đáp án!
T104 Nguyen Hoang Anh‣MARIO‣test071: 1.00
Thời gian ≈ 0.995413900 giây
Kết quả khớp đáp án!
T104 Nguyen Hoang Anh‣MARIO‣test072: 1.00
Thời gian ≈ 0.229708100 giây
Kết quả khớp đáp án!
T104 Nguyen Hoang Anh‣MARIO‣test073: 1.00
Thời gian ≈ 0.344639800 giây
Kết quả khớp đáp án!
T104 Nguyen Hoang Anh‣MARIO‣test074: 1.00
Thời gian ≈ 0.091416900 giây
Kết quả khớp đáp án!
T104 Nguyen Hoang Anh‣MARIO‣test075: 1.00
Thời gian ≈ 0.171020700 giây
Kết quả khớp đáp án!
T104 Nguyen Hoang Anh‣MARIO‣test076: 1.00
Thời gian ≈ 0.181194200 giây
Kết quả khớp đáp án!
T104 Nguyen Hoang Anh‣MARIO‣test077: 1.00
Thời gian ≈ 0.123067300 giây
Kết quả khớp đáp án!
T104 Nguyen Hoang Anh‣MARIO‣test078: 1.00
Thời gian ≈ 0.175797800 giây
Kết quả khớp đáp án!
T104 Nguyen Hoang Anh‣MARIO‣test079: 1.00
Thời gian ≈ 0.233884900 giây
Kết quả khớp đáp án!
T104 Nguyen Hoang Anh‣MARIO‣test080: 1.00
Thời gian ≈ 0.141911500 giây
Kết quả khớp đáp án!
T104 Nguyen Hoang Anh‣MARIO‣test081: 1.00
Thời gian ≈ 0.179503100 giây
Kết quả khớp đáp án!
T104 Nguyen Hoang Anh‣MARIO‣test082: 1.00
Thời gian ≈ 0.101289200 giây
Kết quả khớp đáp án!
T104 Nguyen Hoang Anh‣MARIO‣test083: 1.00
Thời gian ≈ 0.100421000 giây
Kết quả khớp đáp án!
T104 Nguyen Hoang Anh‣MARIO‣test084: 1.00
Thời gian ≈ 0.105644300 giây
Kết quả khớp đáp án!
T104 Nguyen Hoang Anh‣MARIO‣test085: 1.00
Thời gian ≈ 0.138178900 giây
Kết quả khớp đáp án!
T104 Nguyen Hoang Anh‣MARIO‣test086: 1.00
Thời gian ≈ 0.267741900 giây
Kết quả khớp đáp án!
T104 Nguyen Hoang Anh‣MARIO‣test087: 1.00
Thời gian ≈ 0.128558700 giây
Kết quả khớp đáp án!
T104 Nguyen Hoang Anh‣MARIO‣test088: 1.00
Thời gian ≈ 0.136589300 giây
Kết quả khớp đáp án!
T104 Nguyen Hoang Anh‣MARIO‣test089: 1.00
Thời gian ≈ 0.256487300 giây
Kết quả khớp đáp án!
T104 Nguyen Hoang Anh‣MARIO‣test090: 1.00
Thời gian ≈ 0.187239400 giây
Kết quả khớp đáp án!
T104 Nguyen Hoang Anh‣MARIO‣test091: 0.00
Chạy quá thời gian
T104 Nguyen Hoang Anh‣MARIO‣test092: 0.00
Chạy quá thời gian
T104 Nguyen Hoang Anh‣MARIO‣test093: 0.00
Chạy quá thời gian
T104 Nguyen Hoang Anh‣MARIO‣test094: 0.00
Chạy quá thời gian
T104 Nguyen Hoang Anh‣MARIO‣test095: 0.00
Chạy quá thời gian
T104 Nguyen Hoang Anh‣MARIO‣test096: 0.00
Chạy quá thời gian
T104 Nguyen Hoang Anh‣MARIO‣test097: 0.00
Chạy quá thời gian
T104 Nguyen Hoang Anh‣MARIO‣test098: 0.00
Chạy quá thời gian
T104 Nguyen Hoang Anh‣MARIO‣test099: 0.00
Chạy quá thời gian
T104 Nguyen Hoang Anh‣MARIO‣test100: 0.00
Chạy quá thời gian
