Thanh Tra‣LAND: 18.00
LAND.cpp
Dịch thành công

Thanh Tra‣LAND‣test01: 1.00
Thời gian ≈ 0.078393700 giây
Kết quả khớp đáp án!
Thanh Tra‣LAND‣test02: 1.00
Thời gian ≈ 0.157215400 giây
Kết quả khớp đáp án!
Thanh Tra‣LAND‣test03: 1.00
Thời gian ≈ 0.069141800 giây
Kết quả khớp đáp án!
Thanh Tra‣LAND‣test04: 1.00
Thời gian ≈ 0.068379000 giây
Kết quả khớp đáp án!
Thanh Tra‣LAND‣test05: 1.00
Thời gian ≈ 0.066578300 giây
Kết quả khớp đáp án!
Thanh Tra‣LAND‣test06: 1.00
Thời gian ≈ 0.077233400 giây
Kết quả khớp đáp án!
Thanh Tra‣LAND‣test07: 1.00
Thời gian ≈ 0.069189500 giây
Kết quả khớp đáp án!
Thanh Tra‣LAND‣test08: 1.00
Thời gian ≈ 0.071684100 giây
Kết quả khớp đáp án!
Thanh Tra‣LAND‣test09: 1.00
Thời gian ≈ 0.096153900 giây
Kết quả khớp đáp án!
Thanh Tra‣LAND‣test10: 1.00
Thời gian ≈ 0.092934100 giây
Kết quả khớp đáp án!
Thanh Tra‣LAND‣test11: 1.00
Thời gian ≈ 0.073422100 giây
Kết quả khớp đáp án!
Thanh Tra‣LAND‣test12: 1.00
Thời gian ≈ 0.077723100 giây
Kết quả khớp đáp án!
Thanh Tra‣LAND‣test13: 1.00
Thời gian ≈ 0.087621000 giây
Kết quả khớp đáp án!
Thanh Tra‣LAND‣test14: 1.00
Thời gian ≈ 0.092956200 giây
Kết quả khớp đáp án!
Thanh Tra‣LAND‣test16: 1.00
Thời gian ≈ 0.086260900 giây
Kết quả khớp đáp án!
Thanh Tra‣LAND‣test17: 1.00
Thời gian ≈ 0.155024500 giây
Kết quả khớp đáp án!
Thanh Tra‣LAND‣test18: 1.00
Thời gian ≈ 0.162414100 giây
Kết quả khớp đáp án!
Thanh Tra‣LAND‣test19: 1.00
Thời gian ≈ 0.333736300 giây
Kết quả khớp đáp án!
