Thanh Tra‣MARIO: 0.00
MARIO.cpp
Dịch thành công

Thanh Tra‣MARIO‣test001: 0.00
Thời gian ≈ 0.072867600 giây
Kết quả KHÁC đáp án!
Thanh Tra‣MARIO‣test002: 0.00
Thời gian ≈ 0.101735900 giây
Kết quả KHÁC đáp án!
Thanh Tra‣MARIO‣test003: 0.00
Thời gian ≈ 0.074896600 giây
Kết quả KHÁC đáp án!
Thanh Tra‣MARIO‣test004: 0.00
Thời gian ≈ 0.064938500 giây
Kết quả KHÁC đáp án!
Thanh Tra‣MARIO‣test005: 0.00
Thời gian ≈ 0.071656700 giây
Kết quả KHÁC đáp án!
Thanh Tra‣MARIO‣test006: 0.00
Thời gian ≈ 0.067331700 giây
Kết quả KHÁC đáp án!
Thanh Tra‣MARIO‣test007: 0.00
Thời gian ≈ 0.065632600 giây
Kết quả KHÁC đáp án!
Thanh Tra‣MARIO‣test008: 0.00
Thời gian ≈ 0.069652300 giây
Kết quả KHÁC đáp án!
Thanh Tra‣MARIO‣test009: 0.00
Thời gian ≈ 0.066648100 giây
Kết quả KHÁC đáp án!
Thanh Tra‣MARIO‣test010: 0.00
Thời gian ≈ 0.065157700 giây
Kết quả KHÁC đáp án!
Thanh Tra‣MARIO‣test011: 0.00
Thời gian ≈ 0.109706600 giây
Kết quả KHÁC đáp án!
Thanh Tra‣MARIO‣test012: 0.00
Thời gian ≈ 0.070575400 giây
Kết quả KHÁC đáp án!
Thanh Tra‣MARIO‣test013: 0.00
Thời gian ≈ 0.071154600 giây
Kết quả KHÁC đáp án!
Thanh Tra‣MARIO‣test014: 0.00
Thời gian ≈ 0.087746400 giây
Kết quả KHÁC đáp án!
Thanh Tra‣MARIO‣test015: 0.00
Thời gian ≈ 0.071340500 giây
Kết quả KHÁC đáp án!
Thanh Tra‣MARIO‣test016: 0.00
Thời gian ≈ 0.071541800 giây
Kết quả KHÁC đáp án!
Thanh Tra‣MARIO‣test017: 0.00
Thời gian ≈ 0.077393500 giây
Kết quả KHÁC đáp án!
Thanh Tra‣MARIO‣test018: 0.00
Thời gian ≈ 0.061437000 giây
Kết quả KHÁC đáp án!
Thanh Tra‣MARIO‣test019: 0.00
Thời gian ≈ 0.060681200 giây
Kết quả KHÁC đáp án!
Thanh Tra‣MARIO‣test020: 0.00
Thời gian ≈ 0.064690500 giây
Kết quả KHÁC đáp án!
Thanh Tra‣MARIO‣test021: 0.00
Thời gian ≈ 0.065777600 giây
Kết quả KHÁC đáp án!
Thanh Tra‣MARIO‣test022: 0.00
Thời gian ≈ 0.070097800 giây
Kết quả KHÁC đáp án!
Thanh Tra‣MARIO‣test023: 0.00
Thời gian ≈ 0.063691900 giây
Kết quả KHÁC đáp án!
Thanh Tra‣MARIO‣test024: 0.00
Thời gian ≈ 0.061432300 giây
Kết quả KHÁC đáp án!
Thanh Tra‣MARIO‣test025: 0.00
Thời gian ≈ 0.069570500 giây
Kết quả KHÁC đáp án!
Thanh Tra‣MARIO‣test026: 0.00
Thời gian ≈ 0.067922200 giây
Kết quả KHÁC đáp án!
Thanh Tra‣MARIO‣test027: 0.00
Thời gian ≈ 0.065670100 giây
Kết quả KHÁC đáp án!
Thanh Tra‣MARIO‣test028: 0.00
Thời gian ≈ 0.060168300 giây
Kết quả KHÁC đáp án!
Thanh Tra‣MARIO‣test029: 0.00
Thời gian ≈ 0.066128900 giây
Kết quả KHÁC đáp án!
Thanh Tra‣MARIO‣test030: 0.00
Thời gian ≈ 0.065306500 giây
Kết quả KHÁC đáp án!
Thanh Tra‣MARIO‣test031: 0.00
Thời gian ≈ 0.072732100 giây
Kết quả KHÁC đáp án!
Thanh Tra‣MARIO‣test032: 0.00
Thời gian ≈ 0.076080100 giây
Kết quả KHÁC đáp án!
Thanh Tra‣MARIO‣test033: 0.00
Thời gian ≈ 0.114113000 giây
Kết quả KHÁC đáp án!
Thanh Tra‣MARIO‣test034: 0.00
Thời gian ≈ 0.183688100 giây
Kết quả KHÁC đáp án!
Thanh Tra‣MARIO‣test035: 0.00
Thời gian ≈ 0.072637900 giây
Kết quả KHÁC đáp án!
Thanh Tra‣MARIO‣test036: 0.00
Thời gian ≈ 0.107509000 giây
Kết quả KHÁC đáp án!
Thanh Tra‣MARIO‣test037: 0.00
Thời gian ≈ 0.067875500 giây
Kết quả KHÁC đáp án!
Thanh Tra‣MARIO‣test038: 0.00
Thời gian ≈ 0.074998100 giây
Kết quả KHÁC đáp án!
Thanh Tra‣MARIO‣test039: 0.00
Thời gian ≈ 0.201778400 giây
Kết quả KHÁC đáp án!
Thanh Tra‣MARIO‣test040: 0.00
Thời gian ≈ 0.069481300 giây
Kết quả KHÁC đáp án!
Thanh Tra‣MARIO‣test041: 0.00
Thời gian ≈ 0.079422300 giây
Kết quả KHÁC đáp án!
Thanh Tra‣MARIO‣test042: 0.00
Thời gian ≈ 0.090899600 giây
Kết quả KHÁC đáp án!
Thanh Tra‣MARIO‣test043: 0.00
Thời gian ≈ 0.067410200 giây
Kết quả KHÁC đáp án!
Thanh Tra‣MARIO‣test044: 0.00
Thời gian ≈ 0.088904700 giây
Kết quả KHÁC đáp án!
Thanh Tra‣MARIO‣test045: 0.00
Thời gian ≈ 0.080730100 giây
Kết quả KHÁC đáp án!
Thanh Tra‣MARIO‣test046: 0.00
Thời gian ≈ 0.075026100 giây
Kết quả KHÁC đáp án!
Thanh Tra‣MARIO‣test047: 0.00
Thời gian ≈ 0.076729100 giây
Kết quả KHÁC đáp án!
Thanh Tra‣MARIO‣test048: 0.00
Thời gian ≈ 0.076843800 giây
Kết quả KHÁC đáp án!
Thanh Tra‣MARIO‣test049: 0.00
Thời gian ≈ 0.074167100 giây
Kết quả KHÁC đáp án!
Thanh Tra‣MARIO‣test050: 0.00
Thời gian ≈ 0.082577400 giây
Kết quả KHÁC đáp án!
Thanh Tra‣MARIO‣test051: 0.00
Thời gian ≈ 0.077480600 giây
Kết quả KHÁC đáp án!
Thanh Tra‣MARIO‣test052: 0.00
Thời gian ≈ 0.075081400 giây
Kết quả KHÁC đáp án!
Thanh Tra‣MARIO‣test053: 0.00
Thời gian ≈ 0.078886400 giây
Kết quả KHÁC đáp án!
Thanh Tra‣MARIO‣test054: 0.00
Thời gian ≈ 0.072038000 giây
Kết quả KHÁC đáp án!
Thanh Tra‣MARIO‣test055: 0.00
Thời gian ≈ 0.075319600 giây
Kết quả KHÁC đáp án!
Thanh Tra‣MARIO‣test056: 0.00
Thời gian ≈ 0.078885500 giây
Kết quả KHÁC đáp án!
Thanh Tra‣MARIO‣test057: 0.00
Thời gian ≈ 0.075378900 giây
Kết quả KHÁC đáp án!
Thanh Tra‣MARIO‣test058: 0.00
Thời gian ≈ 0.134210500 giây
Kết quả KHÁC đáp án!
Thanh Tra‣MARIO‣test059: 0.00
Thời gian ≈ 0.072659700 giây
Kết quả KHÁC đáp án!
Thanh Tra‣MARIO‣test060: 0.00
Thời gian ≈ 0.071069000 giây
Kết quả KHÁC đáp án!
Thanh Tra‣MARIO‣test061: 0.00
Thời gian ≈ 0.078247600 giây
Kết quả KHÁC đáp án!
Thanh Tra‣MARIO‣test062: 0.00
Thời gian ≈ 0.128823400 giây
Kết quả KHÁC đáp án!
Thanh Tra‣MARIO‣test063: 0.00
Thời gian ≈ 0.090569700 giây
Kết quả KHÁC đáp án!
Thanh Tra‣MARIO‣test064: 0.00
Thời gian ≈ 0.073365100 giây
Kết quả KHÁC đáp án!
Thanh Tra‣MARIO‣test065: 0.00
Thời gian ≈ 0.155540600 giây
Kết quả KHÁC đáp án!
Thanh Tra‣MARIO‣test066: 0.00
Thời gian ≈ 0.085330400 giây
Kết quả KHÁC đáp án!
Thanh Tra‣MARIO‣test067: 0.00
Thời gian ≈ 0.074597800 giây
Kết quả KHÁC đáp án!
Thanh Tra‣MARIO‣test068: 0.00
Thời gian ≈ 0.077424300 giây
Kết quả KHÁC đáp án!
Thanh Tra‣MARIO‣test069: 0.00
Thời gian ≈ 0.079604600 giây
Kết quả KHÁC đáp án!
Thanh Tra‣MARIO‣test070: 0.00
Thời gian ≈ 0.080793100 giây
Kết quả KHÁC đáp án!
Thanh Tra‣MARIO‣test071: 0.00
Thời gian ≈ 0.068007100 giây
Kết quả KHÁC đáp án!
Thanh Tra‣MARIO‣test072: 0.00
Thời gian ≈ 0.075784400 giây
Kết quả KHÁC đáp án!
Thanh Tra‣MARIO‣test073: 0.00
Thời gian ≈ 0.075374100 giây
Kết quả KHÁC đáp án!
Thanh Tra‣MARIO‣test074: 0.00
Thời gian ≈ 0.066682400 giây
Kết quả KHÁC đáp án!
Thanh Tra‣MARIO‣test075: 0.00
Thời gian ≈ 0.070850000 giây
Kết quả KHÁC đáp án!
Thanh Tra‣MARIO‣test076: 0.00
Thời gian ≈ 0.079721200 giây
Kết quả KHÁC đáp án!
Thanh Tra‣MARIO‣test077: 0.00
Thời gian ≈ 0.077396000 giây
Kết quả KHÁC đáp án!
Thanh Tra‣MARIO‣test078: 0.00
Thời gian ≈ 0.068103000 giây
Kết quả KHÁC đáp án!
Thanh Tra‣MARIO‣test079: 0.00
Thời gian ≈ 0.090067200 giây
Kết quả KHÁC đáp án!
Thanh Tra‣MARIO‣test080: 0.00
Thời gian ≈ 0.076390600 giây
Kết quả KHÁC đáp án!
Thanh Tra‣MARIO‣test081: 0.00
Thời gian ≈ 0.067002900 giây
Kết quả KHÁC đáp án!
Thanh Tra‣MARIO‣test082: 0.00
Thời gian ≈ 0.068502600 giây
Kết quả KHÁC đáp án!
Thanh Tra‣MARIO‣test083: 0.00
Thời gian ≈ 0.071283000 giây
Kết quả KHÁC đáp án!
Thanh Tra‣MARIO‣test084: 0.00
Thời gian ≈ 0.091679900 giây
Kết quả KHÁC đáp án!
Thanh Tra‣MARIO‣test085: 0.00
Thời gian ≈ 0.068665700 giây
Kết quả KHÁC đáp án!
Thanh Tra‣MARIO‣test086: 0.00
Thời gian ≈ 0.077213100 giây
Kết quả KHÁC đáp án!
Thanh Tra‣MARIO‣test087: 0.00
Thời gian ≈ 0.071365800 giây
Kết quả KHÁC đáp án!
Thanh Tra‣MARIO‣test088: 0.00
Thời gian ≈ 0.069316200 giây
Kết quả KHÁC đáp án!
Thanh Tra‣MARIO‣test089: 0.00
Thời gian ≈ 0.087717100 giây
Kết quả KHÁC đáp án!
Thanh Tra‣MARIO‣test090: 0.00
Thời gian ≈ 0.069947200 giây
Kết quả KHÁC đáp án!
Thanh Tra‣MARIO‣test091: 0.00
Thời gian ≈ 0.073930700 giây
Kết quả KHÁC đáp án!
Thanh Tra‣MARIO‣test092: 0.00
Thời gian ≈ 0.081280500 giây
Kết quả KHÁC đáp án!
Thanh Tra‣MARIO‣test093: 0.00
Thời gian ≈ 0.099438900 giây
Kết quả KHÁC đáp án!
Thanh Tra‣MARIO‣test094: 0.00
Thời gian ≈ 0.125135300 giây
Kết quả KHÁC đáp án!
Thanh Tra‣MARIO‣test095: 0.00
Thời gian ≈ 0.081469700 giây
Kết quả KHÁC đáp án!
Thanh Tra‣MARIO‣test096: 0.00
Thời gian ≈ 0.101933600 giây
Kết quả KHÁC đáp án!
Thanh Tra‣MARIO‣test097: 0.00
Thời gian ≈ 0.073299800 giây
Kết quả KHÁC đáp án!
Thanh Tra‣MARIO‣test098: 0.00
Thời gian ≈ 0.081450300 giây
Kết quả KHÁC đáp án!
Thanh Tra‣MARIO‣test099: 0.00
Thời gian ≈ 0.093804100 giây
Kết quả KHÁC đáp án!
Thanh Tra‣MARIO‣test100: 0.00
Thời gian ≈ 0.105024400 giây
Kết quả KHÁC đáp án!
