Trinh Khang‣SOLEQU: 0.60
SOLEQU.cpp
Dịch thành công

Trinh Khang‣SOLEQU‣TEST01: 0.00
Thời gian ≈ 0.112533400 giây
Kết quả KHÁC đáp án!
Trinh Khang‣SOLEQU‣TEST02: 0.00
Thời gian ≈ 0.064379700 giây
Kết quả KHÁC đáp án!
Trinh Khang‣SOLEQU‣TEST03: 0.00
Thời gian ≈ 0.064079200 giây
Kết quả KHÁC đáp án!
Trinh Khang‣SOLEQU‣TEST04: 0.00
Thời gian ≈ 0.062342800 giây
Kết quả KHÁC đáp án!
Trinh Khang‣SOLEQU‣TEST05: 0.00
Thời gian ≈ 0.070624100 giây
Kết quả KHÁC đáp án!
Trinh Khang‣SOLEQU‣TEST06: 0.00
Thời gian ≈ 0.068067200 giây
Kết quả KHÁC đáp án!
Trinh Khang‣SOLEQU‣TEST07: 0.30
Thời gian ≈ 0.067087600 giây
Kết quả khớp đáp án!
Trinh Khang‣SOLEQU‣TEST08: 0.00
Thời gian ≈ 0.059678700 giây
Kết quả KHÁC đáp án!
Trinh Khang‣SOLEQU‣TEST09: 0.00
Thời gian ≈ 0.064302300 giây
Kết quả KHÁC đáp án!
Trinh Khang‣SOLEQU‣TEST10: 0.00
Thời gian ≈ 0.063950400 giây
Kết quả KHÁC đáp án!
Trinh Khang‣SOLEQU‣TEST11: 0.00
Thời gian ≈ 0.071419100 giây
Kết quả KHÁC đáp án!
Trinh Khang‣SOLEQU‣TEST12: 0.00
Thời gian ≈ 0.063698900 giây
Kết quả KHÁC đáp án!
Trinh Khang‣SOLEQU‣TEST13: 0.30
Thời gian ≈ 0.065045200 giây
Kết quả khớp đáp án!
Trinh Khang‣SOLEQU‣TEST14: 0.00
Thời gian ≈ 0.065312000 giây
Kết quả KHÁC đáp án!
Trinh Khang‣SOLEQU‣TEST15: 0.00
Thời gian ≈ 0.065595300 giây
Kết quả KHÁC đáp án!
Trinh Khang‣SOLEQU‣TEST16: 0.00
Thời gian ≈ 0.065898800 giây
Kết quả KHÁC đáp án!
Trinh Khang‣SOLEQU‣TEST17: 0.00
Thời gian ≈ 0.064390300 giây
Kết quả KHÁC đáp án!
Trinh Khang‣SOLEQU‣TEST18: 0.00
Thời gian ≈ 0.062268100 giây
Kết quả KHÁC đáp án!
Trinh Khang‣SOLEQU‣TEST19: 0.00
Thời gian ≈ 0.065091800 giây
Kết quả KHÁC đáp án!
Trinh Khang‣SOLEQU‣TEST20: 0.00
Thời gian ≈ 0.066535600 giây
Kết quả KHÁC đáp án!
